::1 - - [14/Aug/2018:11:28:10 +0000] "GET /contact HTTP/1.1" 200 894 "http://localhost:3000/" "Mozilla/5.0 (Windows NT 10.0; Win64; x64) AppleWebKit/537.36 (KHTML, like Gecko) Chrome/68.0.3440.106 Safari/537.36"
::1 - - [14/Aug/2018:11:28:14 +0000] "GET /about HTTP/1.1" 200 890 "http://localhost:3000/contact" "Mozilla/5.0 (Windows NT 10.0; Win64; x64) AppleWebKit/537.36 (KHTML, like Gecko) Chrome/68.0.3440.106 Safari/537.36"
::1 - - [14/Aug/2018:11:28:16 +0000] "GET / HTTP/1.1" 200 988 "http://localhost:3000/about" "Mozilla/5.0 (Windows NT 10.0; Win64; x64) AppleWebKit/537.36 (KHTML, like Gecko) Chrome/68.0.3440.106 Safari/537.36"
::1 - - [14/Aug/2018:11:30:40 +0000] "POST / HTTP/1.1" 302 46 "http://localhost:3000/" "Mozilla/5.0 (Windows NT 10.0; Win64; x64) AppleWebKit/537.36 (KHTML, like Gecko) Chrome/68.0.3440.106 Safari/537.36"
::1 - - [14/Aug/2018:11:30:41 +0000] "GET / HTTP/1.1" 200 988 "http://localhost:3000/" "Mozilla/5.0 (Windows NT 10.0; Win64; x64) AppleWebKit/537.36 (KHTML, like Gecko) Chrome/68.0.3440.106 Safari/537.36"
::1 - - [15/Aug/2018:18:54:48 +0000] "GET / HTTP/1.1" 200 988 "http://localhost:3000/secret" "Mozilla/5.0 (Windows NT 10.0; Win64; x64) AppleWebKit/537.36 (KHTML, like Gecko) Chrome/68.0.3440.106 Safari/537.36"
::1 - - [15/Aug/2018:18:59:07 +0000] "GET /about HTTP/1.1" 200 890 "http://localhost:3000/" "Mozilla/5.0 (Windows NT 10.0; Win64; x64) AppleWebKit/537.36 (KHTML, like Gecko) Chrome/68.0.3440.106 Safari/537.36"
::1 - - [15/Aug/2018:18:59:11 +0000] "GET /contact HTTP/1.1" 200 894 "http://localhost:3000/about" "Mozilla/5.0 (Windows NT 10.0; Win64; x64) AppleWebKit/537.36 (KHTML, like Gecko) Chrome/68.0.3440.106 Safari/537.36"
::1 - - [15/Aug/2018:18:59:15 +0000] "GET / HTTP/1.1" 200 988 "http://localhost:3000/contact" "Mozilla/5.0 (Windows NT 10.0; Win64; x64) AppleWebKit/537.36 (KHTML, like Gecko) Chrome/68.0.3440.106 Safari/537.36"
::1 - - [15/Aug/2018:18:59:19 +0000] "POST / HTTP/1.1" 302 46 "http://localhost:3000/" "Mozilla/5.0 (Windows NT 10.0; Win64; x64) AppleWebKit/537.36 (KHTML, like Gecko) Chrome/68.0.3440.106 Safari/537.36"
::1 - - [15/Aug/2018:18:59:19 +0000] "GET / HTTP/1.1" 200 988 "http://localhost:3000/" "Mozilla/5.0 (Windows NT 10.0; Win64; x64) AppleWebKit/537.36 (KHTML, like Gecko) Chrome/68.0.3440.106 Safari/537.36"
::1 - - [15/Aug/2018:18:59:52 +0000] "GET /contact HTTP/1.1" 200 894 "http://localhost:3000/" "Mozilla/5.0 (Windows NT 10.0; Win64; x64) AppleWebKit/537.36 (KHTML, like Gecko) Chrome/68.0.3440.106 Safari/537.36"
::1 - - [15/Aug/2018:19:01:04 +0000] "GET / HTTP/1.1" 200 988 "http://localhost:3000/contact" "Mozilla/5.0 (Windows NT 10.0; Win64; x64) AppleWebKit/537.36 (KHTML, like Gecko) Chrome/68.0.3440.106 Safari/537.36"
::1 - - [16/Nov/2018:12:46:01 +0000] "GET / HTTP/1.1" 200 1011 "http://localhost:3000/contact" "Mozilla/5.0 (Windows NT 10.0; Win64; x64) AppleWebKit/537.36 (KHTML, like Gecko) Chrome/70.0.3538.102 Safari/537.36"
::1 - - [16/Nov/2018:12:46:11 +0000] "GET /about HTTP/1.1" 304 - "http://localhost:3000/" "Mozilla/5.0 (Windows NT 10.0; Win64; x64) AppleWebKit/537.36 (KHTML, like Gecko) Chrome/70.0.3538.102 Safari/537.36"
::1 - - [16/Nov/2018:12:46:13 +0000] "GET /contact HTTP/1.1" 304 - "http://localhost:3000/about" "Mozilla/5.0 (Windows NT 10.0; Win64; x64) AppleWebKit/537.36 (KHTML, like Gecko) Chrome/70.0.3538.102 Safari/537.36"
::1 - - [16/Nov/2018:12:46:17 +0000] "GET / HTTP/1.1" 304 - "http://localhost:3000/contact" "Mozilla/5.0 (Windows NT 10.0; Win64; x64) AppleWebKit/537.36 (KHTML, like Gecko) Chrome/70.0.3538.102 Safari/537.36"
::1 - - [16/Nov/2018:12:46:53 +0000] "GET / HTTP/1.1" 304 - "http://localhost:3000/contact" "Mozilla/5.0 (Windows NT 10.0; Win64; x64) AppleWebKit/537.36 (KHTML, like Gecko) Chrome/70.0.3538.102 Safari/537.36"
::ffff:127.0.0.1 - - [16/Nov/2018:12:47:36 +0000] "GET / HTTP/1.1" 200 1011 "-" "Mozilla/5.0 (Windows NT 10.0; Win64; x64) AppleWebKit/537.36 (KHTML, like Gecko) Chrome/64.0.3282.140 Safari/537.36 Edge/17.17134"
::ffff:127.0.0.1 - - [16/Nov/2018:12:47:43 +0000] "GET /about HTTP/1.1" 200 913 "http://localhost:3000/" "Mozilla/5.0 (Windows NT 10.0; Win64; x64) AppleWebKit/537.36 (KHTML, like Gecko) Chrome/64.0.3282.140 Safari/537.36 Edge/17.17134"
::ffff:127.0.0.1 - - [16/Nov/2018:12:47:45 +0000] "GET /contact HTTP/1.1" 200 917 "http://localhost:3000/about" "Mozilla/5.0 (Windows NT 10.0; Win64; x64) AppleWebKit/537.36 (KHTML, like Gecko) Chrome/64.0.3282.140 Safari/537.36 Edge/17.17134"
::ffff:127.0.0.1 - - [16/Nov/2018:12:47:46 +0000] "GET / HTTP/1.1" 200 1011 "http://localhost:3000/contact" "Mozilla/5.0 (Windows NT 10.0; Win64; x64) AppleWebKit/537.36 (KHTML, like Gecko) Chrome/64.0.3282.140 Safari/537.36 Edge/17.17134"
::1 - - [16/Nov/2018:12:48:44 +0000] "POST / HTTP/1.1" 302 46 "http://localhost:3000/" "Mozilla/5.0 (Windows NT 10.0; Win64; x64) AppleWebKit/537.36 (KHTML, like Gecko) Chrome/70.0.3538.102 Safari/537.36"
::1 - - [16/Nov/2018:12:48:44 +0000] "GET / HTTP/1.1" 200 1011 "http://localhost:3000/" "Mozilla/5.0 (Windows NT 10.0; Win64; x64) AppleWebKit/537.36 (KHTML, like Gecko) Chrome/70.0.3538.102 Safari/537.36"
::1 - - [16/Nov/2018:12:48:52 +0000] "GET /about HTTP/1.1" 304 - "http://localhost:3000/" "Mozilla/5.0 (Windows NT 10.0; Win64; x64) AppleWebKit/537.36 (KHTML, like Gecko) Chrome/70.0.3538.102 Safari/537.36"
::1 - - [16/Nov/2018:12:49:02 +0000] "GET / HTTP/1.1" 304 - "http://localhost:3000/about" "Mozilla/5.0 (Windows NT 10.0; Win64; x64) AppleWebKit/537.36 (KHTML, like Gecko) Chrome/70.0.3538.102 Safari/537.36"
::1 - - [20/Nov/2018:23:31:05 +0000] "GET / HTTP/1.1" 200 1011 "-" "Mozilla/5.0 (Windows NT 10.0; Win64; x64) AppleWebKit/537.36 (KHTML, like Gecko) Chrome/70.0.3538.102 Safari/537.36"
::1 - - [20/Nov/2018:23:31:05 +0000] "GET / HTTP/1.1" 200 1011 "-" "Mozilla/5.0 (Windows NT 10.0; Win64; x64) AppleWebKit/537.36 (KHTML, like Gecko) Chrome/70.0.3538.102 Safari/537.36"
::1 - - [20/Nov/2018:23:31:25 +0000] "POST / HTTP/1.1" 302 46 "http://localhost:3000/" "Mozilla/5.0 (Windows NT 10.0; Win64; x64) AppleWebKit/537.36 (KHTML, like Gecko) Chrome/70.0.3538.102 Safari/537.36"
::1 - - [20/Nov/2018:23:31:25 +0000] "GET / HTTP/1.1" 200 1011 "http://localhost:3000/" "Mozilla/5.0 (Windows NT 10.0; Win64; x64) AppleWebKit/537.36 (KHTML, like Gecko) Chrome/70.0.3538.102 Safari/537.36"
::1 - - [20/Nov/2018:23:34:11 +0000] "GET / HTTP/1.1" 200 1121 "http://localhost:3000/" "Mozilla/5.0 (Windows NT 10.0; Win64; x64) AppleWebKit/537.36 (KHTML, like Gecko) Chrome/70.0.3538.102 Safari/537.36"
::1 - - [20/Nov/2018:23:34:26 +0000] "POST /set HTTP/1.1" 302 46 "http://localhost:3000/" "Mozilla/5.0 (Windows NT 10.0; Win64; x64) AppleWebKit/537.36 (KHTML, like Gecko) Chrome/70.0.3538.102 Safari/537.36"
::1 - - [20/Nov/2018:23:34:26 +0000] "GET / HTTP/1.1" 200 1121 "http://localhost:3000/" "Mozilla/5.0 (Windows NT 10.0; Win64; x64) AppleWebKit/537.36 (KHTML, like Gecko) Chrome/70.0.3538.102 Safari/537.36"
::1 - - [20/Nov/2018:23:34:29 +0000] "POST /clear HTTP/1.1" 302 46 "http://localhost:3000/" "Mozilla/5.0 (Windows NT 10.0; Win64; x64) AppleWebKit/537.36 (KHTML, like Gecko) Chrome/70.0.3538.102 Safari/537.36"
::1 - - [20/Nov/2018:23:34:29 +0000] "GET / HTTP/1.1" 200 1121 "http://localhost:3000/" "Mozilla/5.0 (Windows NT 10.0; Win64; x64) AppleWebKit/537.36 (KHTML, like Gecko) Chrome/70.0.3538.102 Safari/537.36"
::1 - - [20/Nov/2018:23:36:30 +0000] "GET / HTTP/1.1" 200 1121 "http://localhost:3000/" "Mozilla/5.0 (Windows NT 10.0; Win64; x64) AppleWebKit/537.36 (KHTML, like Gecko) Chrome/70.0.3538.102 Safari/537.36"
::1 - - [20/Nov/2018:23:36:33 +0000] "POST /set HTTP/1.1" 302 46 "http://localhost:3000/" "Mozilla/5.0 (Windows NT 10.0; Win64; x64) AppleWebKit/537.36 (KHTML, like Gecko) Chrome/70.0.3538.102 Safari/537.36"
::1 - - [20/Nov/2018:23:36:33 +0000] "GET / HTTP/1.1" 200 1121 "http://localhost:3000/" "Mozilla/5.0 (Windows NT 10.0; Win64; x64) AppleWebKit/537.36 (KHTML, like Gecko) Chrome/70.0.3538.102 Safari/537.36"
::1 - - [20/Nov/2018:23:36:37 +0000] "POST /clear HTTP/1.1" 302 46 "http://localhost:3000/" "Mozilla/5.0 (Windows NT 10.0; Win64; x64) AppleWebKit/537.36 (KHTML, like Gecko) Chrome/70.0.3538.102 Safari/537.36"
::1 - - [20/Nov/2018:23:36:38 +0000] "GET / HTTP/1.1" 200 1121 "http://localhost:3000/" "Mozilla/5.0 (Windows NT 10.0; Win64; x64) AppleWebKit/537.36 (KHTML, like Gecko) Chrome/70.0.3538.102 Safari/537.36"
::1 - - [20/Nov/2018:23:36:52 +0000] "GET / HTTP/1.1" 200 1121 "http://localhost:3000/" "Mozilla/5.0 (Windows NT 10.0; Win64; x64) AppleWebKit/537.36 (KHTML, like Gecko) Chrome/70.0.3538.102 Safari/537.36"
::1 - - [20/Nov/2018:23:37:26 +0000] "GET / HTTP/1.1" 200 1121 "http://localhost:3000/" "Mozilla/5.0 (Windows NT 10.0; Win64; x64) AppleWebKit/537.36 (KHTML, like Gecko) Chrome/70.0.3538.102 Safari/537.36"
::1 - - [20/Nov/2018:23:37:34 +0000] "POST /clear HTTP/1.1" 302 46 "http://localhost:3000/" "Mozilla/5.0 (Windows NT 10.0; Win64; x64) AppleWebKit/537.36 (KHTML, like Gecko) Chrome/70.0.3538.102 Safari/537.36"
::1 - - [20/Nov/2018:23:37:34 +0000] "GET / HTTP/1.1" 200 1121 "http://localhost:3000/" "Mozilla/5.0 (Windows NT 10.0; Win64; x64) AppleWebKit/537.36 (KHTML, like Gecko) Chrome/70.0.3538.102 Safari/537.36"
::1 - - [20/Nov/2018:23:38:54 +0000] "GET / HTTP/1.1" 200 1156 "http://localhost:3000/" "Mozilla/5.0 (Windows NT 10.0; Win64; x64) AppleWebKit/537.36 (KHTML, like Gecko) Chrome/70.0.3538.102 Safari/537.36"
::1 - - [20/Nov/2018:23:41:03 +0000] "GET / HTTP/1.1" 200 1174 "http://localhost:3000/" "Mozilla/5.0 (Windows NT 10.0; Win64; x64) AppleWebKit/537.36 (KHTML, like Gecko) Chrome/70.0.3538.102 Safari/537.36"
::1 - - [20/Nov/2018:23:41:33 +0000] "GET / HTTP/1.1" 200 1174 "http://localhost:3000/" "Mozilla/5.0 (Windows NT 10.0; Win64; x64) AppleWebKit/537.36 (KHTML, like Gecko) Chrome/70.0.3538.102 Safari/537.36"
::1 - - [20/Nov/2018:23:41:50 +0000] "GET / HTTP/1.1" 200 1178 "http://localhost:3000/" "Mozilla/5.0 (Windows NT 10.0; Win64; x64) AppleWebKit/537.36 (KHTML, like Gecko) Chrome/70.0.3538.102 Safari/537.36"
::1 - - [20/Nov/2018:23:43:36 +0000] "GET / HTTP/1.1" 200 1195 "http://localhost:3000/" "Mozilla/5.0 (Windows NT 10.0; Win64; x64) AppleWebKit/537.36 (KHTML, like Gecko) Chrome/70.0.3538.102 Safari/537.36"
::1 - - [20/Nov/2018:23:44:13 +0000] "GET / HTTP/1.1" 200 1211 "http://localhost:3000/" "Mozilla/5.0 (Windows NT 10.0; Win64; x64) AppleWebKit/537.36 (KHTML, like Gecko) Chrome/70.0.3538.102 Safari/537.36"
::1 - - [20/Nov/2018:23:44:37 +0000] "GET / HTTP/1.1" 200 1212 "http://localhost:3000/" "Mozilla/5.0 (Windows NT 10.0; Win64; x64) AppleWebKit/537.36 (KHTML, like Gecko) Chrome/70.0.3538.102 Safari/537.36"
::1 - - [20/Nov/2018:23:45:15 +0000] "GET / HTTP/1.1" 200 1217 "http://localhost:3000/" "Mozilla/5.0 (Windows NT 10.0; Win64; x64) AppleWebKit/537.36 (KHTML, like Gecko) Chrome/70.0.3538.102 Safari/537.36"
::1 - - [20/Nov/2018:23:46:59 +0000] "GET / HTTP/1.1" 200 1227 "http://localhost:3000/" "Mozilla/5.0 (Windows NT 10.0; Win64; x64) AppleWebKit/537.36 (KHTML, like Gecko) Chrome/70.0.3538.102 Safari/537.36"
::1 - - [21/Nov/2018:00:24:20 +0000] "GET /thirdfff HTTP/1.1" 404 1734 "-" "Mozilla/5.0 (Windows NT 10.0; Win64; x64) AppleWebKit/537.36 (KHTML, like Gecko) Chrome/70.0.3538.102 Safari/537.36"
::1 - - [21/Nov/2018:00:24:35 +0000] "GET / HTTP/1.1" 200 1227 "-" "Mozilla/5.0 (Windows NT 10.0; Win64; x64) AppleWebKit/537.36 (KHTML, like Gecko) Chrome/70.0.3538.102 Safari/537.36"
::1 - - [21/Nov/2018:00:24:41 +0000] "POST /set HTTP/1.1" 302 46 "http://localhost:3000/" "Mozilla/5.0 (Windows NT 10.0; Win64; x64) AppleWebKit/537.36 (KHTML, like Gecko) Chrome/70.0.3538.102 Safari/537.36"
::1 - - [21/Nov/2018:00:24:41 +0000] "GET / HTTP/1.1" 200 1227 "http://localhost:3000/" "Mozilla/5.0 (Windows NT 10.0; Win64; x64) AppleWebKit/537.36 (KHTML, like Gecko) Chrome/70.0.3538.102 Safari/537.36"
::1 - - [21/Nov/2018:00:25:51 +0000] "GET / HTTP/1.1" 200 1227 "http://localhost:3000/" "Mozilla/5.0 (Windows NT 10.0; Win64; x64) AppleWebKit/537.36 (KHTML, like Gecko) Chrome/70.0.3538.102 Safari/537.36"
::1 - - [21/Nov/2018:00:25:55 +0000] "POST /set HTTP/1.1" 302 46 "http://localhost:3000/" "Mozilla/5.0 (Windows NT 10.0; Win64; x64) AppleWebKit/537.36 (KHTML, like Gecko) Chrome/70.0.3538.102 Safari/537.36"
::1 - - [21/Nov/2018:00:25:55 +0000] "GET / HTTP/1.1" 200 1227 "http://localhost:3000/" "Mozilla/5.0 (Windows NT 10.0; Win64; x64) AppleWebKit/537.36 (KHTML, like Gecko) Chrome/70.0.3538.102 Safari/537.36"
::1 - - [21/Nov/2018:00:25:59 +0000] "POST /clear HTTP/1.1" 302 46 "http://localhost:3000/" "Mozilla/5.0 (Windows NT 10.0; Win64; x64) AppleWebKit/537.36 (KHTML, like Gecko) Chrome/70.0.3538.102 Safari/537.36"
::1 - - [21/Nov/2018:00:25:59 +0000] "GET / HTTP/1.1" 200 1227 "http://localhost:3000/" "Mozilla/5.0 (Windows NT 10.0; Win64; x64) AppleWebKit/537.36 (KHTML, like Gecko) Chrome/70.0.3538.102 Safari/537.36"
::1 - - [21/Nov/2018:00:26:03 +0000] "POST /set HTTP/1.1" 302 46 "http://localhost:3000/" "Mozilla/5.0 (Windows NT 10.0; Win64; x64) AppleWebKit/537.36 (KHTML, like Gecko) Chrome/70.0.3538.102 Safari/537.36"
::1 - - [21/Nov/2018:00:26:03 +0000] "GET / HTTP/1.1" 200 1227 "http://localhost:3000/" "Mozilla/5.0 (Windows NT 10.0; Win64; x64) AppleWebKit/537.36 (KHTML, like Gecko) Chrome/70.0.3538.102 Safari/537.36"
::1 - - [21/Nov/2018:00:26:16 +0000] "GET / HTTP/1.1" 200 1227 "http://localhost:3000/" "Mozilla/5.0 (Windows NT 10.0; Win64; x64) AppleWebKit/537.36 (KHTML, like Gecko) Chrome/70.0.3538.102 Safari/537.36"
::1 - - [21/Nov/2018:00:26:20 +0000] "POST /set HTTP/1.1" 302 46 "http://localhost:3000/" "Mozilla/5.0 (Windows NT 10.0; Win64; x64) AppleWebKit/537.36 (KHTML, like Gecko) Chrome/70.0.3538.102 Safari/537.36"
::1 - - [21/Nov/2018:00:26:20 +0000] "GET / HTTP/1.1" 200 1227 "http://localhost:3000/" "Mozilla/5.0 (Windows NT 10.0; Win64; x64) AppleWebKit/537.36 (KHTML, like Gecko) Chrome/70.0.3538.102 Safari/537.36"
::1 - - [21/Nov/2018:00:26:52 +0000] "GET / HTTP/1.1" 200 1227 "http://localhost:3000/" "Mozilla/5.0 (Windows NT 10.0; Win64; x64) AppleWebKit/537.36 (KHTML, like Gecko) Chrome/70.0.3538.102 Safari/537.36"
::1 - - [21/Nov/2018:00:26:57 +0000] "GET / HTTP/1.1" 200 1227 "http://localhost:3000/" "Mozilla/5.0 (Windows NT 10.0; Win64; x64) AppleWebKit/537.36 (KHTML, like Gecko) Chrome/70.0.3538.102 Safari/537.36"
::1 - - [21/Nov/2018:00:27:05 +0000] "GET / HTTP/1.1" 200 1227 "http://localhost:3000/" "Mozilla/5.0 (Windows NT 10.0; Win64; x64) AppleWebKit/537.36 (KHTML, like Gecko) Chrome/70.0.3538.102 Safari/537.36"
::1 - - [21/Nov/2018:00:27:08 +0000] "POST /set HTTP/1.1" 302 46 "http://localhost:3000/" "Mozilla/5.0 (Windows NT 10.0; Win64; x64) AppleWebKit/537.36 (KHTML, like Gecko) Chrome/70.0.3538.102 Safari/537.36"
::1 - - [21/Nov/2018:00:27:08 +0000] "GET / HTTP/1.1" 200 1227 "http://localhost:3000/" "Mozilla/5.0 (Windows NT 10.0; Win64; x64) AppleWebKit/537.36 (KHTML, like Gecko) Chrome/70.0.3538.102 Safari/537.36"
::1 - - [21/Nov/2018:00:27:11 +0000] "POST /clear HTTP/1.1" 302 46 "http://localhost:3000/" "Mozilla/5.0 (Windows NT 10.0; Win64; x64) AppleWebKit/537.36 (KHTML, like Gecko) Chrome/70.0.3538.102 Safari/537.36"
::1 - - [21/Nov/2018:00:27:11 +0000] "GET / HTTP/1.1" 200 1227 "http://localhost:3000/" "Mozilla/5.0 (Windows NT 10.0; Win64; x64) AppleWebKit/537.36 (KHTML, like Gecko) Chrome/70.0.3538.102 Safari/537.36"
::1 - - [21/Nov/2018:00:27:24 +0000] "POST /set HTTP/1.1" 302 46 "http://localhost:3000/" "Mozilla/5.0 (Windows NT 10.0; Win64; x64) AppleWebKit/537.36 (KHTML, like Gecko) Chrome/70.0.3538.102 Safari/537.36"
::1 - - [21/Nov/2018:00:27:24 +0000] "GET / HTTP/1.1" 200 1227 "http://localhost:3000/" "Mozilla/5.0 (Windows NT 10.0; Win64; x64) AppleWebKit/537.36 (KHTML, like Gecko) Chrome/70.0.3538.102 Safari/537.36"
::1 - - [21/Nov/2018:00:27:28 +0000] "POST /clear HTTP/1.1" 302 46 "http://localhost:3000/" "Mozilla/5.0 (Windows NT 10.0; Win64; x64) AppleWebKit/537.36 (KHTML, like Gecko) Chrome/70.0.3538.102 Safari/537.36"
::1 - - [21/Nov/2018:00:27:28 +0000] "GET / HTTP/1.1" 200 1227 "http://localhost:3000/" "Mozilla/5.0 (Windows NT 10.0; Win64; x64) AppleWebKit/537.36 (KHTML, like Gecko) Chrome/70.0.3538.102 Safari/537.36"
::1 - - [21/Nov/2018:00:28:08 +0000] "GET / HTTP/1.1" 200 1227 "http://localhost:3000/" "Mozilla/5.0 (Windows NT 10.0; Win64; x64) AppleWebKit/537.36 (KHTML, like Gecko) Chrome/70.0.3538.102 Safari/537.36"
::1 - - [21/Nov/2018:00:28:14 +0000] "POST /set HTTP/1.1" 302 46 "http://localhost:3000/" "Mozilla/5.0 (Windows NT 10.0; Win64; x64) AppleWebKit/537.36 (KHTML, like Gecko) Chrome/70.0.3538.102 Safari/537.36"
::1 - - [21/Nov/2018:00:28:14 +0000] "GET / HTTP/1.1" 200 1227 "http://localhost:3000/" "Mozilla/5.0 (Windows NT 10.0; Win64; x64) AppleWebKit/537.36 (KHTML, like Gecko) Chrome/70.0.3538.102 Safari/537.36"
::1 - - [21/Nov/2018:00:28:17 +0000] "POST /clear HTTP/1.1" 302 46 "http://localhost:3000/" "Mozilla/5.0 (Windows NT 10.0; Win64; x64) AppleWebKit/537.36 (KHTML, like Gecko) Chrome/70.0.3538.102 Safari/537.36"
::1 - - [21/Nov/2018:00:28:17 +0000] "GET / HTTP/1.1" 200 1227 "http://localhost:3000/" "Mozilla/5.0 (Windows NT 10.0; Win64; x64) AppleWebKit/537.36 (KHTML, like Gecko) Chrome/70.0.3538.102 Safari/537.36"
::1 - - [21/Nov/2018:00:29:26 +0000] "GET / HTTP/1.1" 200 1227 "http://localhost:3000/" "Mozilla/5.0 (Windows NT 10.0; Win64; x64) AppleWebKit/537.36 (KHTML, like Gecko) Chrome/70.0.3538.102 Safari/537.36"
::1 - - [21/Nov/2018:00:29:30 +0000] "POST /set HTTP/1.1" 302 46 "http://localhost:3000/" "Mozilla/5.0 (Windows NT 10.0; Win64; x64) AppleWebKit/537.36 (KHTML, like Gecko) Chrome/70.0.3538.102 Safari/537.36"
::1 - - [21/Nov/2018:00:29:30 +0000] "GET / HTTP/1.1" 200 1227 "http://localhost:3000/" "Mozilla/5.0 (Windows NT 10.0; Win64; x64) AppleWebKit/537.36 (KHTML, like Gecko) Chrome/70.0.3538.102 Safari/537.36"
::1 - - [21/Nov/2018:00:29:33 +0000] "POST /clear HTTP/1.1" 500 1882 "http://localhost:3000/" "Mozilla/5.0 (Windows NT 10.0; Win64; x64) AppleWebKit/537.36 (KHTML, like Gecko) Chrome/70.0.3538.102 Safari/537.36"
::1 - - [21/Nov/2018:00:30:08 +0000] "POST /clear HTTP/1.1" 302 46 "http://localhost:3000/" "Mozilla/5.0 (Windows NT 10.0; Win64; x64) AppleWebKit/537.36 (KHTML, like Gecko) Chrome/70.0.3538.102 Safari/537.36"
::1 - - [21/Nov/2018:00:30:09 +0000] "GET / HTTP/1.1" 200 1227 "http://localhost:3000/" "Mozilla/5.0 (Windows NT 10.0; Win64; x64) AppleWebKit/537.36 (KHTML, like Gecko) Chrome/70.0.3538.102 Safari/537.36"
::1 - - [21/Nov/2018:00:30:15 +0000] "GET /about HTTP/1.1" 200 913 "http://localhost:3000/" "Mozilla/5.0 (Windows NT 10.0; Win64; x64) AppleWebKit/537.36 (KHTML, like Gecko) Chrome/70.0.3538.102 Safari/537.36"
::1 - - [21/Nov/2018:00:30:18 +0000] "GET /contact HTTP/1.1" 200 917 "http://localhost:3000/about" "Mozilla/5.0 (Windows NT 10.0; Win64; x64) AppleWebKit/537.36 (KHTML, like Gecko) Chrome/70.0.3538.102 Safari/537.36"
::1 - - [21/Nov/2018:00:30:21 +0000] "GET / HTTP/1.1" 200 1227 "http://localhost:3000/contact" "Mozilla/5.0 (Windows NT 10.0; Win64; x64) AppleWebKit/537.36 (KHTML, like Gecko) Chrome/70.0.3538.102 Safari/537.36"
::1 - - [21/Nov/2018:00:30:24 +0000] "GET /contact HTTP/1.1" 200 917 "http://localhost:3000/" "Mozilla/5.0 (Windows NT 10.0; Win64; x64) AppleWebKit/537.36 (KHTML, like Gecko) Chrome/70.0.3538.102 Safari/537.36"
::1 - - [21/Nov/2018:00:30:26 +0000] "GET / HTTP/1.1" 200 1227 "http://localhost:3000/contact" "Mozilla/5.0 (Windows NT 10.0; Win64; x64) AppleWebKit/537.36 (KHTML, like Gecko) Chrome/70.0.3538.102 Safari/537.36"
::1 - - [21/Nov/2018:18:33:14 +0000] "GET / HTTP/1.1" 200 1227 "http://localhost:3000/secret" "Mozilla/5.0 (Windows NT 10.0; Win64; x64) AppleWebKit/537.36 (KHTML, like Gecko) Chrome/70.0.3538.102 Safari/537.36"
::1 - - [21/Nov/2018:18:33:37 +0000] "GET /about HTTP/1.1" 200 913 "http://localhost:3000/" "Mozilla/5.0 (Windows NT 10.0; Win64; x64) AppleWebKit/537.36 (KHTML, like Gecko) Chrome/70.0.3538.102 Safari/537.36"
::1 - - [21/Nov/2018:18:33:40 +0000] "GET /contact HTTP/1.1" 200 917 "http://localhost:3000/about" "Mozilla/5.0 (Windows NT 10.0; Win64; x64) AppleWebKit/537.36 (KHTML, like Gecko) Chrome/70.0.3538.102 Safari/537.36"
::1 - - [21/Nov/2018:18:33:43 +0000] "GET / HTTP/1.1" 200 1227 "http://localhost:3000/contact" "Mozilla/5.0 (Windows NT 10.0; Win64; x64) AppleWebKit/537.36 (KHTML, like Gecko) Chrome/70.0.3538.102 Safari/537.36"
::1 - - [21/Nov/2018:18:39:32 +0000] "POST /set HTTP/1.1" 302 46 "http://localhost:3000/" "Mozilla/5.0 (Windows NT 10.0; Win64; x64) AppleWebKit/537.36 (KHTML, like Gecko) Chrome/70.0.3538.102 Safari/537.36"
::1 - - [21/Nov/2018:18:39:33 +0000] "GET / HTTP/1.1" 200 1227 "http://localhost:3000/" "Mozilla/5.0 (Windows NT 10.0; Win64; x64) AppleWebKit/537.36 (KHTML, like Gecko) Chrome/70.0.3538.102 Safari/537.36"
::1 - - [21/Nov/2018:18:39:59 +0000] "POST /clear HTTP/1.1" 302 46 "http://localhost:3000/" "Mozilla/5.0 (Windows NT 10.0; Win64; x64) AppleWebKit/537.36 (KHTML, like Gecko) Chrome/70.0.3538.102 Safari/537.36"
::1 - - [21/Nov/2018:18:39:59 +0000] "GET / HTTP/1.1" 200 1227 "http://localhost:3000/" "Mozilla/5.0 (Windows NT 10.0; Win64; x64) AppleWebKit/537.36 (KHTML, like Gecko) Chrome/70.0.3538.102 Safari/537.36"
::1 - - [21/Nov/2018:18:40:08 +0000] "POST /set HTTP/1.1" 302 46 "http://localhost:3000/" "Mozilla/5.0 (Windows NT 10.0; Win64; x64) AppleWebKit/537.36 (KHTML, like Gecko) Chrome/70.0.3538.102 Safari/537.36"
::1 - - [21/Nov/2018:18:40:08 +0000] "GET / HTTP/1.1" 200 1227 "http://localhost:3000/" "Mozilla/5.0 (Windows NT 10.0; Win64; x64) AppleWebKit/537.36 (KHTML, like Gecko) Chrome/70.0.3538.102 Safari/537.36"
::1 - - [21/Nov/2018:18:40:12 +0000] "POST /clear HTTP/1.1" 302 46 "http://localhost:3000/" "Mozilla/5.0 (Windows NT 10.0; Win64; x64) AppleWebKit/537.36 (KHTML, like Gecko) Chrome/70.0.3538.102 Safari/537.36"
::1 - - [21/Nov/2018:18:40:12 +0000] "GET / HTTP/1.1" 200 1227 "http://localhost:3000/" "Mozilla/5.0 (Windows NT 10.0; Win64; x64) AppleWebKit/537.36 (KHTML, like Gecko) Chrome/70.0.3538.102 Safari/537.36"
::1 - - [21/Nov/2018:18:40:46 +0000] "POST /set HTTP/1.1" 302 46 "http://localhost:3000/" "Mozilla/5.0 (Windows NT 10.0; Win64; x64) AppleWebKit/537.36 (KHTML, like Gecko) Chrome/70.0.3538.102 Safari/537.36"
::1 - - [21/Nov/2018:18:40:47 +0000] "GET / HTTP/1.1" 200 1227 "http://localhost:3000/" "Mozilla/5.0 (Windows NT 10.0; Win64; x64) AppleWebKit/537.36 (KHTML, like Gecko) Chrome/70.0.3538.102 Safari/537.36"
